0 info it worked if it ends with ok
1 verbose cli [ '/usr/bin/node',
1 verbose cli   '/usr/bin/npm',
1 verbose cli   'install',
1 verbose cli   'express-generator',
1 verbose cli   '-g' ]
2 info using npm@1.4.28
3 info using node@v0.10.37
4 verbose node symlink /usr/bin/node
5 verbose cache add [ 'express-generator', null ]
6 verbose cache add name=undefined spec="express-generator" args=["express-generator",null]
7 verbose parsed url { protocol: null,
7 verbose parsed url   slashes: null,
7 verbose parsed url   auth: null,
7 verbose parsed url   host: null,
7 verbose parsed url   port: null,
7 verbose parsed url   hostname: null,
7 verbose parsed url   hash: null,
7 verbose parsed url   search: null,
7 verbose parsed url   query: null,
7 verbose parsed url   pathname: 'express-generator',
7 verbose parsed url   path: 'express-generator',
7 verbose parsed url   href: 'express-generator' }
8 silly lockFile 198a68d8-express-generator express-generator
9 verbose lock express-generator /home/prasanna/.npm/198a68d8-express-generator.lock
10 silly lockFile 198a68d8-express-generator express-generator
11 silly lockFile 198a68d8-express-generator express-generator
12 verbose addNamed [ 'express-generator', '' ]
13 verbose addNamed [ null, '*' ]
14 silly lockFile bd41e3d3-express-generator express-generator@
15 verbose lock express-generator@ /home/prasanna/.npm/bd41e3d3-express-generator.lock
16 silly addNameRange { name: 'express-generator', range: '*', hasData: false }
17 verbose request where is /express-generator
18 verbose request registry https://registry.npmjs.org/
19 verbose request id 7062dadc405dd7ca
20 verbose url raw /express-generator
21 verbose url resolving [ 'https://registry.npmjs.org/', './express-generator' ]
22 verbose url resolved https://registry.npmjs.org/express-generator
23 verbose request where is https://registry.npmjs.org/express-generator
24 info trying registry request attempt 1 at 17:00:20
25 verbose etag "3TI97QC0GH2OK1K5YNJAOHR21"
26 http GET https://registry.npmjs.org/express-generator
27 http 304 https://registry.npmjs.org/express-generator
28 silly registry.get cb [ 304,
28 silly registry.get   { date: 'Wed, 25 Mar 2015 11:30:21 GMT',
28 silly registry.get     server: 'Apache',
28 silly registry.get     via: '1.1 varnish',
28 silly registry.get     'last-modified': 'Wed, 25 Mar 2015 11:30:21 GMT',
28 silly registry.get     'cache-control': 'max-age=60',
28 silly registry.get     etag: '"3TI97QC0GH2OK1K5YNJAOHR21"',
28 silly registry.get     age: '0',
28 silly registry.get     'x-served-by': 'cache-sn88-SIN',
28 silly registry.get     'x-cache': 'HIT',
28 silly registry.get     'x-cache-hits': '1',
28 silly registry.get     'x-timer': 'S1427283021.145385,VS0,VE830',
28 silly registry.get     vary: 'Accept',
28 silly registry.get     'content-length': '0',
28 silly registry.get     'keep-alive': 'timeout=10, max=50',
28 silly registry.get     connection: 'Keep-Alive' } ]
29 verbose etag https://registry.npmjs.org/express-generator from cache
30 silly addNameRange number 2 { name: 'express-generator', range: '*', hasData: true }
31 silly addNameRange versions [ 'express-generator',
31 silly addNameRange   [ '1.0.0',
31 silly addNameRange     '3.0.0',
31 silly addNameRange     '4.0.0',
31 silly addNameRange     '4.2.0',
31 silly addNameRange     '4.8.0',
31 silly addNameRange     '4.9.0',
31 silly addNameRange     '4.10.0',
31 silly addNameRange     '4.11.0',
31 silly addNameRange     '4.11.1',
31 silly addNameRange     '4.11.2',
31 silly addNameRange     '4.12.0',
31 silly addNameRange     '4.12.1' ] ]
32 verbose addNamed [ 'express-generator', '4.12.1' ]
33 verbose addNamed [ '4.12.1', '4.12.1' ]
34 silly lockFile 16199c6b-express-generator-4-12-1 express-generator@4.12.1
35 verbose lock express-generator@4.12.1 /home/prasanna/.npm/16199c6b-express-generator-4-12-1.lock
36 silly lockFile 16199c6b-express-generator-4-12-1 express-generator@4.12.1
37 silly lockFile 16199c6b-express-generator-4-12-1 express-generator@4.12.1
38 silly lockFile bd41e3d3-express-generator express-generator@
39 silly lockFile bd41e3d3-express-generator express-generator@
40 silly resolved [ { name: 'express-generator',
40 silly resolved     description: 'Express\' application generator',
40 silly resolved     version: '4.12.1',
40 silly resolved     author: { name: 'TJ Holowaychuk', email: 'tj@vision-media.ca' },
40 silly resolved     contributors: [ [Object], [Object], [Object], [Object], [Object], [Object] ],
40 silly resolved     keywords:
40 silly resolved      [ 'express',
40 silly resolved        'framework',
40 silly resolved        'sinatra',
40 silly resolved        'web',
40 silly resolved        'rest',
40 silly resolved        'restful',
40 silly resolved        'router',
40 silly resolved        'app',
40 silly resolved        'api' ],
40 silly resolved     repository: { type: 'git', url: 'https://github.com/expressjs/generator' },
40 silly resolved     license: 'MIT',
40 silly resolved     dependencies: { commander: '2.6.0', mkdirp: '0.5.0', 'sorted-object': '1.0.0' },
40 silly resolved     main: 'bin/express',
40 silly resolved     preferGlobal: true,
40 silly resolved     bin: { express: './bin/express' },
40 silly resolved     devDependencies: { mocha: '~2.1.0', rimraf: '~2.2.8', supertest: '~0.15.0' },
40 silly resolved     engines: { node: '>= 0.10' },
40 silly resolved     files: [ 'LICENSE', 'bin/', 'templates/' ],
40 silly resolved     scripts:
40 silly resolved      { test: 'mocha --reporter spec --bail --check-leaks test/',
40 silly resolved        'test-ci': 'mocha --reporter spec --check-leaks test/' },
40 silly resolved     gitHead: 'd9674537f819db269aa54b241a5436fbbf4f2fe0',
40 silly resolved     bugs: { url: 'https://github.com/expressjs/generator/issues' },
40 silly resolved     homepage: 'https://github.com/expressjs/generator',
40 silly resolved     _id: 'express-generator@4.12.1',
40 silly resolved     _shasum: '79852114d5fc42b9b8f7690567b155ebdf17a246',
40 silly resolved     _from: 'express-generator@',
40 silly resolved     _npmVersion: '1.4.28',
40 silly resolved     _npmUser: { name: 'dougwilson', email: 'doug@somethingdoug.com' },
40 silly resolved     maintainers: [ [Object], [Object], [Object], [Object], [Object], [Object] ],
40 silly resolved     dist:
40 silly resolved      { shasum: '79852114d5fc42b9b8f7690567b155ebdf17a246',
40 silly resolved        tarball: 'http://registry.npmjs.org/express-generator/-/express-generator-4.12.1.tgz' },
40 silly resolved     directories: {},
40 silly resolved     _resolved: 'https://registry.npmjs.org/express-generator/-/express-generator-4.12.1.tgz',
40 silly resolved     readme: 'ERROR: No README data found!' } ]
41 info install express-generator@4.12.1 into /usr/lib
42 info installOne express-generator@4.12.1
43 verbose lib/node_modules/express-generator unbuild
44 verbose tar unpack /home/prasanna/.npm/express-generator/4.12.1/package.tgz
45 silly lockFile 73f1f6cd-b-node-modules-express-generator tar:///usr/lib/node_modules/express-generator
46 verbose lock tar:///usr/lib/node_modules/express-generator /home/prasanna/.npm/73f1f6cd-b-node-modules-express-generator.lock
47 silly lockFile e3c3fe16-ess-generator-4-12-1-package-tgz tar:///home/prasanna/.npm/express-generator/4.12.1/package.tgz
48 verbose lock tar:///home/prasanna/.npm/express-generator/4.12.1/package.tgz /home/prasanna/.npm/e3c3fe16-ess-generator-4-12-1-package-tgz.lock
49 silly gunzTarPerm modes [ '775', '664' ]
50 error Error: EACCES, mkdir '/usr/lib/node_modules/express-generator'
50 error  { [Error: EACCES, mkdir '/usr/lib/node_modules/express-generator']
50 error   errno: 3,
50 error   code: 'EACCES',
50 error   path: '/usr/lib/node_modules/express-generator',
50 error   fstream_type: 'Directory',
50 error   fstream_path: '/usr/lib/node_modules/express-generator',
50 error   fstream_class: 'DirWriter',
50 error   fstream_stack:
50 error    [ '/usr/lib/node_modules/npm/node_modules/fstream/lib/dir-writer.js:36:23',
50 error      '/usr/lib/node_modules/npm/node_modules/mkdirp/index.js:46:53',
50 error      'Object.oncomplete (fs.js:108:15)' ] }
51 error Please try running this command again as root/Administrator.
52 error System Linux 3.13.0-46-generic
53 error command "/usr/bin/node" "/usr/bin/npm" "install" "express-generator" "-g"
54 error cwd /var/www/html/GIT/cue-training/nodejs/demoapp
55 error node -v v0.10.37
56 error npm -v 1.4.28
57 error path /usr/lib/node_modules/express-generator
58 error fstream_path /usr/lib/node_modules/express-generator
59 error fstream_type Directory
60 error fstream_class DirWriter
61 error code EACCES
62 error errno 3
63 error stack Error: EACCES, mkdir '/usr/lib/node_modules/express-generator'
64 error fstream_stack /usr/lib/node_modules/npm/node_modules/fstream/lib/dir-writer.js:36:23
64 error fstream_stack /usr/lib/node_modules/npm/node_modules/mkdirp/index.js:46:53
64 error fstream_stack Object.oncomplete (fs.js:108:15)
65 verbose exit [ 3, true ]
